Determining if the pthread_create exist failed with the following output:
Change Dir: /home/cc/ee106b/sp17/class/ee106b-aau/UCB_EE106B/lab1/build_isolated/baxter_ikfast_left_arm_plugin/CMakeFiles/CMakeTmp

Run Build Command:/usr/bin/make "cmTryCompileExec3607947481/fast"
/usr/bin/make -f CMakeFiles/cmTryCompileExec3607947481.dir/build.make CMakeFiles/cmTryCompileExec3607947481.dir/build
make[1]: Entering directory `/home/cc/ee106b/sp17/class/ee106b-aau/UCB_EE106B/lab1/build_isolated/baxter_ikfast_left_arm_plugin/CMakeFiles/CMakeTmp'
/usr/bin/cmake -E cmake_progress_report /home/cc/ee106b/sp17/class/ee106b-aau/UCB_EE106B/lab1/build_isolated/baxter_ikfast_left_arm_plugin/CMakeFiles/CMakeTmp/CMakeFiles 1
Building C object CMakeFiles/cmTryCompileExec3607947481.dir/CheckSymbolExists.c.o
/usr/bin/cc    -o CMakeFiles/cmTryCompileExec3607947481.dir/CheckSymbolExists.c.o   -c /home/cc/ee106b/sp17/class/ee106b-aau/UCB_EE106B/lab1/build_isolated/baxter_ikfast_left_arm_plugin/CMakeFiles/CMakeTmp/CheckSymbolExists.c
Linking C executable cmTryCompileExec3607947481
/usr/bin/cmake -E cmake_link_script CMakeFiles/cmTryCompileExec3607947481.dir/link.txt --verbose=1
/usr/bin/cc       CMakeFiles/cmTryCompileExec3607947481.dir/CheckSymbolExists.c.o  -o cmTryCompileExec3607947481 -rdynamic 
CMakeFiles/cmTryCompileExec3607947481.dir/CheckSymbolExists.c.o: In function `main':
CheckSymbolExists.c:(.text+0x16): undefined reference to `pthread_create'
collect2: error: ld returned 1 exit status
make[1]: Leaving directory `/home/cc/ee106b/sp17/class/ee106b-aau/UCB_EE106B/lab1/build_isolated/baxter_ikfast_left_arm_plugin/CMakeFiles/CMakeTmp'
make[1]: *** [cmTryCompileExec3607947481] Error 1
make: *** [cmTryCompileExec3607947481/fast] Error 2

File /home/cc/ee106b/sp17/class/ee106b-aau/UCB_EE106B/lab1/build_isolated/baxter_ikfast_left_arm_plugin/CMakeFiles/CMakeTmp/CheckSymbolExists.c:
/* */
#include <pthread.h>

int main(int argc, char** argv)
{
  (void)argv;
#ifndef pthread_create
  return ((int*)(&pthread_create))[argc];
#else
  (void)argc;
  return 0;
#endif
}

Determining if the function pthread_create exists in the pthreads failed with the following output:
Change Dir: /home/cc/ee106b/sp17/class/ee106b-aau/UCB_EE106B/lab1/build_isolated/baxter_ikfast_left_arm_plugin/CMakeFiles/CMakeTmp

Run Build Command:/usr/bin/make "cmTryCompileExec286262395/fast"
/usr/bin/make -f CMakeFiles/cmTryCompileExec286262395.dir/build.make CMakeFiles/cmTryCompileExec286262395.dir/build
make[1]: Entering directory `/home/cc/ee106b/sp17/class/ee106b-aau/UCB_EE106B/lab1/build_isolated/baxter_ikfast_left_arm_plugin/CMakeFiles/CMakeTmp'
/usr/bin/cmake -E cmake_progress_report /home/cc/ee106b/sp17/class/ee106b-aau/UCB_EE106B/lab1/build_isolated/baxter_ikfast_left_arm_plugin/CMakeFiles/CMakeTmp/CMakeFiles 1
Building C object CMakeFiles/cmTryCompileExec286262395.dir/CheckFunctionExists.c.o
/usr/bin/cc   -DCHECK_FUNCTION_EXISTS=pthread_create   -o CMakeFiles/cmTryCompileExec286262395.dir/CheckFunctionExists.c.o   -c /usr/share/cmake-2.8/Modules/CheckFunctionExists.c
Linking C executable cmTryCompileExec286262395
/usr/bin/cmake -E cmake_link_script CMakeFiles/cmTryCompileExec286262395.dir/link.txt --verbose=1
/usr/bin/cc   -DCHECK_FUNCTION_EXISTS=pthread_create    CMakeFiles/cmTryCompileExec286262395.dir/CheckFunctionExists.c.o  -o cmTryCompileExec286262395 -rdynamic -lpthreads 
/usr/bin/ld: cannot find -lpthreads
collect2: error: ld returned 1 exit status
make[1]: *** [cmTryCompileExec286262395] Error 1
make[1]: Leaving directory `/home/cc/ee106b/sp17/class/ee106b-aau/UCB_EE106B/lab1/build_isolated/baxter_ikfast_left_arm_plugin/CMakeFiles/CMakeTmp'
make: *** [cmTryCompileExec286262395/fast] Error 2


