Determining if the pthread_create exist failed with the following output:
Change Dir: /home/cc/ee106b/sp17/class/ee106b-aau/UCB_EE106B/lab1/build_isolated/iri_wam_moveit_config/CMakeFiles/CMakeTmp

Run Build Command:/usr/bin/make "cmTryCompileExec1274497976/fast"
/usr/bin/make -f CMakeFiles/cmTryCompileExec1274497976.dir/build.make CMakeFiles/cmTryCompileExec1274497976.dir/build
make[1]: Entering directory `/home/cc/ee106b/sp17/class/ee106b-aau/UCB_EE106B/lab1/build_isolated/iri_wam_moveit_config/CMakeFiles/CMakeTmp'
/usr/bin/cmake -E cmake_progress_report /home/cc/ee106b/sp17/class/ee106b-aau/UCB_EE106B/lab1/build_isolated/iri_wam_moveit_config/CMakeFiles/CMakeTmp/CMakeFiles 1
Building C object CMakeFiles/cmTryCompileExec1274497976.dir/CheckSymbolExists.c.o
/usr/bin/cc    -o CMakeFiles/cmTryCompileExec1274497976.dir/CheckSymbolExists.c.o   -c /home/cc/ee106b/sp17/class/ee106b-aau/UCB_EE106B/lab1/build_isolated/iri_wam_moveit_config/CMakeFiles/CMakeTmp/CheckSymbolExists.c
Linking C executable cmTryCompileExec1274497976
/usr/bin/cmake -E cmake_link_script CMakeFiles/cmTryCompileExec1274497976.dir/link.txt --verbose=1
/usr/bin/cc       CMakeFiles/cmTryCompileExec1274497976.dir/CheckSymbolExists.c.o  -o cmTryCompileExec1274497976 -rdynamic 
CMakeFiles/cmTryCompileExec1274497976.dir/CheckSymbolExists.c.o: In function `main':
CheckSymbolExists.c:(.text+0x16): undefined reference to `pthread_create'
collect2: error: ld returned 1 exit status
make[1]: *** [cmTryCompileExec1274497976] Error 1
make[1]: Leaving directory `/home/cc/ee106b/sp17/class/ee106b-aau/UCB_EE106B/lab1/build_isolated/iri_wam_moveit_config/CMakeFiles/CMakeTmp'
make: *** [cmTryCompileExec1274497976/fast] Error 2

File /home/cc/ee106b/sp17/class/ee106b-aau/UCB_EE106B/lab1/build_isolated/iri_wam_moveit_config/CMakeFiles/CMakeTmp/CheckSymbolExists.c:
/* */
#include <pthread.h>

int main(int argc, char** argv)
{
  (void)argv;
#ifndef pthread_create
  return ((int*)(&pthread_create))[argc];
#else
  (void)argc;
  return 0;
#endif
}

Determining if the function pthread_create exists in the pthreads failed with the following output:
Change Dir: /home/cc/ee106b/sp17/class/ee106b-aau/UCB_EE106B/lab1/build_isolated/iri_wam_moveit_config/CMakeFiles/CMakeTmp

Run Build Command:/usr/bin/make "cmTryCompileExec1966427866/fast"
/usr/bin/make -f CMakeFiles/cmTryCompileExec1966427866.dir/build.make CMakeFiles/cmTryCompileExec1966427866.dir/build
make[1]: Entering directory `/home/cc/ee106b/sp17/class/ee106b-aau/UCB_EE106B/lab1/build_isolated/iri_wam_moveit_config/CMakeFiles/CMakeTmp'
/usr/bin/cmake -E cmake_progress_report /home/cc/ee106b/sp17/class/ee106b-aau/UCB_EE106B/lab1/build_isolated/iri_wam_moveit_config/CMakeFiles/CMakeTmp/CMakeFiles 1
Building C object CMakeFiles/cmTryCompileExec1966427866.dir/CheckFunctionExists.c.o
/usr/bin/cc   -DCHECK_FUNCTION_EXISTS=pthread_create   -o CMakeFiles/cmTryCompileExec1966427866.dir/CheckFunctionExists.c.o   -c /usr/share/cmake-2.8/Modules/CheckFunctionExists.c
Linking C executable cmTryCompileExec1966427866
/usr/bin/cmake -E cmake_link_script CMakeFiles/cmTryCompileExec1966427866.dir/link.txt --verbose=1
/usr/bin/cc   -DCHECK_FUNCTION_EXISTS=pthread_create    CMakeFiles/cmTryCompileExec1966427866.dir/CheckFunctionExists.c.o  -o cmTryCompileExec1966427866 -rdynamic -lpthreads 
/usr/bin/ld: cannot find -lpthreads
collect2: error: ld returned 1 exit status
make[1]: *** [cmTryCompileExec1966427866] Error 1
make[1]: Leaving directory `/home/cc/ee106b/sp17/class/ee106b-aau/UCB_EE106B/lab1/build_isolated/iri_wam_moveit_config/CMakeFiles/CMakeTmp'
make: *** [cmTryCompileExec1966427866/fast] Error 2


